[ 2025-03-27 03:47:49,911 ] 1025 httpx - INFO - HTTP Request: GET https://dagshub.com/api/v1/user "HTTP/1.1 200 OK"
[ 2025-03-27 03:47:49,915 ] 107 dagshub - INFO - Accessing as danhdanhtuan0308
[ 2025-03-27 03:47:50,340 ] 1025 httpx - INFO - HTTP Request: GET https://dagshub.com/api/v1/repos/danhdanhtuan0308/NetworkSecurity "HTTP/1.1 200 OK"
[ 2025-03-27 03:47:50,453 ] 1025 httpx - INFO - HTTP Request: GET https://dagshub.com/api/v1/user "HTTP/1.1 200 OK"
[ 2025-03-27 03:47:50,455 ] 107 dagshub - INFO - Initialized MLflow to track repo "danhdanhtuan0308/NetworkSecurity"
[ 2025-03-27 03:47:50,455 ] 107 dagshub - INFO - Repository danhdanhtuan0308/NetworkSecurity initialized!
[ 2025-03-27 03:48:02,555 ] 37 root - INFO - start data ingestion
[ 2025-03-27 03:48:05,161 ] 68 root - INFO - perform train test split on DF 
[ 2025-03-27 03:48:05,162 ] 69 root - INFO - Exited split_data_as_train_test method of Data Ingestion
[ 2025-03-27 03:48:05,162 ] 72 root - INFO - Exporting train test file
[ 2025-03-27 03:48:05,184 ] 75 root - INFO - successfully exported train test file
[ 2025-03-27 03:48:05,184 ] 40 root - INFO - data ingestion completed and artifact DataIngestionArtifact(trained_file_path='Artifacts/03-27-2025_03_47_48/data_ingestion/ingested/train.csv', test_file_path='Artifacts/03-27-2025_03_47_48/data_ingestion/ingested/test.csv')
[ 2025-03-27 03:48:05,186 ] 50 root - INFO - Initiate the data Validation
[ 2025-03-27 03:48:05,193 ] 33 root - INFO - Reqired number of columns: 2
[ 2025-03-27 03:48:05,193 ] 34 root - INFO - Actual number of columns: 31
[ 2025-03-27 03:48:05,193 ] 33 root - INFO - Reqired number of columns: 2
[ 2025-03-27 03:48:05,193 ] 34 root - INFO - Actual number of columns: 31
[ 2025-03-27 03:48:05,246 ] 52 root - INFO - Enter data transformation method of the transformation class 
[ 2025-03-27 03:48:05,246 ] 54 root - INFO - Starting data transformation
[ 2025-03-27 03:48:05,253 ] 41 root - INFO - Enter get_data_transformer_object of transformers class
[ 2025-03-27 03:48:05,253 ] 45 root - INFO - Initialized KNNImputer with params: {'missing_values': nan, 'n_neighbors': 3, 'weights': 'uniform'}
[ 2025-03-27 03:48:05,257 ] 55 root - INFO - Entered the save_object method of MainUtils class
[ 2025-03-27 03:48:05,258 ] 59 root - INFO - Exited the save_object method of MainUtils class
[ 2025-03-27 03:48:05,258 ] 55 root - INFO - Entered the save_object method of MainUtils class
[ 2025-03-27 03:48:05,258 ] 59 root - INFO - Exited the save_object method of MainUtils class
[ 2025-03-27 03:49:48,988 ] 55 root - INFO - Entered the save_object method of MainUtils class
[ 2025-03-27 03:49:49,010 ] 59 root - INFO - Exited the save_object method of MainUtils class
[ 2025-03-27 03:49:49,011 ] 55 root - INFO - Entered the save_object method of MainUtils class
[ 2025-03-27 03:49:49,024 ] 59 root - INFO - Exited the save_object method of MainUtils class
[ 2025-03-27 03:49:49,024 ] 114 root - INFO - Model trainer artifactModelTrainerArtifact(trained_model_file_path='Artifacts/03-27-2025_03_47_48/model_trainer/train_model/model.pkl', train_metric_artifact=ClassificationMetricArtifact(f1_score=0.9914824579192861, precision=0.9894758146124266, recall=0.9934972566551514), test_metric_artifact=ClassificationMetricArtifact(f1_score=0.9783653846153846, precision=0.969047619047619, recall=0.9878640776699029))
