[ 2025-03-27 04:07:33,282 ] 1025 httpx - INFO - HTTP Request: GET https://dagshub.com/api/v1/user "HTTP/1.1 200 OK"
[ 2025-03-27 04:07:33,284 ] 107 dagshub - INFO - Accessing as danhdanhtuan0308
[ 2025-03-27 04:07:33,715 ] 1025 httpx - INFO - HTTP Request: GET https://dagshub.com/api/v1/repos/danhdanhtuan0308/NetworkSecurity "HTTP/1.1 200 OK"
[ 2025-03-27 04:07:33,839 ] 1025 httpx - INFO - HTTP Request: GET https://dagshub.com/api/v1/user "HTTP/1.1 200 OK"
[ 2025-03-27 04:07:33,841 ] 107 dagshub - INFO - Initialized MLflow to track repo "danhdanhtuan0308/NetworkSecurity"
[ 2025-03-27 04:07:33,841 ] 107 dagshub - INFO - Repository danhdanhtuan0308/NetworkSecurity initialized!
[ 2025-03-27 04:07:46,294 ] 37 root - INFO - start data ingestion
[ 2025-03-27 04:07:48,589 ] 68 root - INFO - perform train test split on DF 
[ 2025-03-27 04:07:48,589 ] 69 root - INFO - Exited split_data_as_train_test method of Data Ingestion
[ 2025-03-27 04:07:48,589 ] 72 root - INFO - Exporting train test file
[ 2025-03-27 04:07:48,610 ] 75 root - INFO - successfully exported train test file
[ 2025-03-27 04:07:48,610 ] 40 root - INFO - data ingestion completed and artifact DataIngestionArtifact(trained_file_path='Artifacts/03-27-2025_04_07_32/data_ingestion/ingested/train.csv', test_file_path='Artifacts/03-27-2025_04_07_32/data_ingestion/ingested/test.csv')
[ 2025-03-27 04:07:48,612 ] 50 root - INFO - Initiate the data Validation
[ 2025-03-27 04:07:48,619 ] 33 root - INFO - Reqired number of columns: 2
[ 2025-03-27 04:07:48,619 ] 34 root - INFO - Actual number of columns: 31
[ 2025-03-27 04:07:48,619 ] 33 root - INFO - Reqired number of columns: 2
[ 2025-03-27 04:07:48,619 ] 34 root - INFO - Actual number of columns: 31
[ 2025-03-27 04:07:48,674 ] 52 root - INFO - Enter data transformation method of the transformation class 
[ 2025-03-27 04:07:48,674 ] 54 root - INFO - Starting data transformation
[ 2025-03-27 04:07:48,680 ] 41 root - INFO - Enter get_data_transformer_object of transformers class
[ 2025-03-27 04:07:48,680 ] 45 root - INFO - Initialized KNNImputer with params: {'missing_values': nan, 'n_neighbors': 3, 'weights': 'uniform'}
[ 2025-03-27 04:07:48,685 ] 55 root - INFO - Entered the save_object method of MainUtils class
[ 2025-03-27 04:07:48,685 ] 59 root - INFO - Exited the save_object method of MainUtils class
[ 2025-03-27 04:07:48,685 ] 55 root - INFO - Entered the save_object method of MainUtils class
[ 2025-03-27 04:07:48,686 ] 59 root - INFO - Exited the save_object method of MainUtils class
[ 2025-03-27 04:09:21,627 ] 55 root - INFO - Entered the save_object method of MainUtils class
[ 2025-03-27 04:09:21,635 ] 59 root - INFO - Exited the save_object method of MainUtils class
[ 2025-03-27 04:09:21,635 ] 55 root - INFO - Entered the save_object method of MainUtils class
[ 2025-03-27 04:09:21,641 ] 59 root - INFO - Exited the save_object method of MainUtils class
[ 2025-03-27 04:09:21,641 ] 114 root - INFO - Model trainer artifactModelTrainerArtifact(trained_model_file_path='Artifacts/03-27-2025_04_07_32/model_trainer/train_model/model.pkl', train_metric_artifact=ClassificationMetricArtifact(f1_score=0.9911433172302737, precision=0.9879614767255217, recall=0.994345718901454), test_metric_artifact=ClassificationMetricArtifact(f1_score=0.9757101687937423, precision=0.9681372549019608, recall=0.983402489626556))
