[ 2025-03-27 04:10:56,520 ] 1025 httpx - INFO - HTTP Request: GET https://dagshub.com/api/v1/user "HTTP/1.1 200 OK"
[ 2025-03-27 04:10:56,522 ] 107 dagshub - INFO - Accessing as danhdanhtuan0308
[ 2025-03-27 04:10:56,669 ] 1025 httpx - INFO - HTTP Request: GET https://dagshub.com/api/v1/repos/danhdanhtuan0308/NetworkSecurity "HTTP/1.1 200 OK"
[ 2025-03-27 04:10:57,046 ] 1025 httpx - INFO - HTTP Request: GET https://dagshub.com/api/v1/user "HTTP/1.1 200 OK"
[ 2025-03-27 04:10:57,047 ] 107 dagshub - INFO - Initialized MLflow to track repo "danhdanhtuan0308/NetworkSecurity"
[ 2025-03-27 04:10:57,047 ] 107 dagshub - INFO - Repository danhdanhtuan0308/NetworkSecurity initialized!
[ 2025-03-27 04:11:06,431 ] 37 root - INFO - start data ingestion
[ 2025-03-27 04:11:08,712 ] 68 root - INFO - perform train test split on DF 
[ 2025-03-27 04:11:08,712 ] 69 root - INFO - Exited split_data_as_train_test method of Data Ingestion
[ 2025-03-27 04:11:08,712 ] 72 root - INFO - Exporting train test file
[ 2025-03-27 04:11:08,735 ] 75 root - INFO - successfully exported train test file
[ 2025-03-27 04:11:08,735 ] 40 root - INFO - data ingestion completed and artifact DataIngestionArtifact(trained_file_path='Artifacts/03-27-2025_04_10_55/data_ingestion/ingested/train.csv', test_file_path='Artifacts/03-27-2025_04_10_55/data_ingestion/ingested/test.csv')
[ 2025-03-27 04:11:08,737 ] 50 root - INFO - Initiate the data Validation
[ 2025-03-27 04:11:08,744 ] 33 root - INFO - Reqired number of columns: 2
[ 2025-03-27 04:11:08,744 ] 34 root - INFO - Actual number of columns: 31
[ 2025-03-27 04:11:08,744 ] 33 root - INFO - Reqired number of columns: 2
[ 2025-03-27 04:11:08,744 ] 34 root - INFO - Actual number of columns: 31
[ 2025-03-27 04:11:08,801 ] 52 root - INFO - Enter data transformation method of the transformation class 
[ 2025-03-27 04:11:08,801 ] 54 root - INFO - Starting data transformation
[ 2025-03-27 04:11:08,809 ] 41 root - INFO - Enter get_data_transformer_object of transformers class
[ 2025-03-27 04:11:08,809 ] 45 root - INFO - Initialized KNNImputer with params: {'missing_values': nan, 'n_neighbors': 3, 'weights': 'uniform'}
[ 2025-03-27 04:11:08,812 ] 55 root - INFO - Entered the save_object method of MainUtils class
[ 2025-03-27 04:11:08,813 ] 59 root - INFO - Exited the save_object method of MainUtils class
[ 2025-03-27 04:11:08,813 ] 55 root - INFO - Entered the save_object method of MainUtils class
[ 2025-03-27 04:11:08,814 ] 59 root - INFO - Exited the save_object method of MainUtils class
[ 2025-03-27 04:12:50,969 ] 55 root - INFO - Entered the save_object method of MainUtils class
[ 2025-03-27 04:12:50,993 ] 59 root - INFO - Exited the save_object method of MainUtils class
[ 2025-03-27 04:12:50,993 ] 55 root - INFO - Entered the save_object method of MainUtils class
[ 2025-03-27 04:12:51,006 ] 59 root - INFO - Exited the save_object method of MainUtils class
[ 2025-03-27 04:12:51,006 ] 114 root - INFO - Model trainer artifactModelTrainerArtifact(trained_model_file_path='Artifacts/03-27-2025_04_10_55/model_trainer/train_model/model.pkl', train_metric_artifact=ClassificationMetricArtifact(f1_score=0.992196209587514, precision=0.9892886014551334, recall=0.9951209595446229), test_metric_artifact=ClassificationMetricArtifact(f1_score=0.9703763010408326, precision=0.9619047619047619, recall=0.9789983844911146))
[ 2025-03-27 04:12:51,011 ] 88 root - INFO - successfully load artifact
[ 2025-03-27 04:12:51,827 ] 97 root - INFO - successfully load model
