[ 2025-03-27 04:00:20,230 ] 1025 httpx - INFO - HTTP Request: GET https://dagshub.com/api/v1/user "HTTP/1.1 200 OK"
[ 2025-03-27 04:00:20,232 ] 107 dagshub - INFO - Accessing as danhdanhtuan0308
[ 2025-03-27 04:00:20,662 ] 1025 httpx - INFO - HTTP Request: GET https://dagshub.com/api/v1/repos/danhdanhtuan0308/NetworkSecurity "HTTP/1.1 200 OK"
[ 2025-03-27 04:00:20,776 ] 1025 httpx - INFO - HTTP Request: GET https://dagshub.com/api/v1/user "HTTP/1.1 200 OK"
[ 2025-03-27 04:00:20,777 ] 107 dagshub - INFO - Initialized MLflow to track repo "danhdanhtuan0308/NetworkSecurity"
[ 2025-03-27 04:00:20,777 ] 107 dagshub - INFO - Repository danhdanhtuan0308/NetworkSecurity initialized!
[ 2025-03-27 04:00:33,564 ] 37 root - INFO - start data ingestion
[ 2025-03-27 04:00:35,629 ] 68 root - INFO - perform train test split on DF 
[ 2025-03-27 04:00:35,629 ] 69 root - INFO - Exited split_data_as_train_test method of Data Ingestion
[ 2025-03-27 04:00:35,629 ] 72 root - INFO - Exporting train test file
[ 2025-03-27 04:00:35,651 ] 75 root - INFO - successfully exported train test file
[ 2025-03-27 04:00:35,652 ] 40 root - INFO - data ingestion completed and artifact DataIngestionArtifact(trained_file_path='Artifacts/03-27-2025_04_00_19/data_ingestion/ingested/train.csv', test_file_path='Artifacts/03-27-2025_04_00_19/data_ingestion/ingested/test.csv')
[ 2025-03-27 04:00:35,653 ] 50 root - INFO - Initiate the data Validation
[ 2025-03-27 04:00:35,660 ] 33 root - INFO - Reqired number of columns: 2
[ 2025-03-27 04:00:35,660 ] 34 root - INFO - Actual number of columns: 31
[ 2025-03-27 04:00:35,660 ] 33 root - INFO - Reqired number of columns: 2
[ 2025-03-27 04:00:35,660 ] 34 root - INFO - Actual number of columns: 31
[ 2025-03-27 04:00:35,714 ] 52 root - INFO - Enter data transformation method of the transformation class 
[ 2025-03-27 04:00:35,714 ] 54 root - INFO - Starting data transformation
[ 2025-03-27 04:00:35,721 ] 41 root - INFO - Enter get_data_transformer_object of transformers class
[ 2025-03-27 04:00:35,721 ] 45 root - INFO - Initialized KNNImputer with params: {'missing_values': nan, 'n_neighbors': 3, 'weights': 'uniform'}
[ 2025-03-27 04:00:35,725 ] 55 root - INFO - Entered the save_object method of MainUtils class
[ 2025-03-27 04:00:35,726 ] 59 root - INFO - Exited the save_object method of MainUtils class
[ 2025-03-27 04:00:35,726 ] 55 root - INFO - Entered the save_object method of MainUtils class
[ 2025-03-27 04:00:35,726 ] 59 root - INFO - Exited the save_object method of MainUtils class
[ 2025-03-27 04:02:22,825 ] 55 root - INFO - Entered the save_object method of MainUtils class
[ 2025-03-27 04:02:22,880 ] 59 root - INFO - Exited the save_object method of MainUtils class
[ 2025-03-27 04:02:22,880 ] 55 root - INFO - Entered the save_object method of MainUtils class
[ 2025-03-27 04:02:22,905 ] 59 root - INFO - Exited the save_object method of MainUtils class
[ 2025-03-27 04:02:22,905 ] 114 root - INFO - Model trainer artifactModelTrainerArtifact(trained_model_file_path='Artifacts/03-27-2025_04_00_19/model_trainer/train_model/model.pkl', train_metric_artifact=ClassificationMetricArtifact(f1_score=0.9918748730448913, precision=0.9904665314401623, recall=0.9932872253864931), test_metric_artifact=ClassificationMetricArtifact(f1_score=0.9699879951980792, precision=0.9634340222575517, recall=0.9766317485898469))
